# JRE version: Java(TM) SE Runtime Environment (8.0_45-b14) (build 1.8.0_45-b14)
# Java VM: Java HotSpot(TM) 64-Bit Server VM (25.45-b02 mixed mode windows-amd64 compressed oops)
Heap:
 PSYoungGen      total 272384K, used 28143K [0x00000000eab00000, 0x00000000fe780000, 0x0000000100000000)
  eden space 220672K, 12% used [0x00000000eab00000,0x00000000ec67bf90,0x00000000f8280000)
  from space 51712K, 0% used [0x00000000fb500000,0x00000000fb500000,0x00000000fe780000)
  to   space 51712K, 0% used [0x00000000f8280000,0x00000000f8280000,0x00000000fb500000)
 ParOldGen       total 160256K, used 50134K [0x00000000c0000000, 0x00000000c9c80000, 0x00000000eab00000)
  object space 160256K, 31% used [0x00000000c0000000,0x00000000c30f59c0,0x00000000c9c80000)
 Metaspace       used 68778K, capacity 74146K, committed 77952K, reserved 1116160K
  class space    used 8174K, capacity 9820K, committed 10624K, reserved 1048576K
GC Heap History (10 events):
Event: 9393.378 GC heap before
{Heap before GC invocations=99 (full 23):
 PSYoungGen      total 273920K, used 230936K [0x00000000eab00000, 0x00000000feb80000, 0x0000000100000000)
  eden space 222720K, 92% used [0x00000000eab00000,0x00000000f74567f0,0x00000000f8480000)
  from space 51200K, 48% used [0x00000000f8480000,0x00000000f9cafb38,0x00000000fb680000)
  to   space 49664K, 0% used [0x00000000fbb00000,0x00000000fbb00000,0x00000000feb80000)
 ParOldGen       total 160256K, used 65497K [0x00000000c0000000, 0x00000000c9c80000, 0x00000000eab00000)
  object space 160256K, 40% used [0x00000000c0000000,0x00000000c3ff6500,0x00000000c9c80000)
 Metaspace       used 69625K, capacity 75890K, committed 77696K, reserved 1116160K
  class space    used 8433K, capacity 10237K, committed 10624K, reserved 1048576K
Event: 9393.385 GC heap after
Heap after GC invocations=99 (full 23):
 PSYoungGen      total 278528K, used 1984K [0x00000000eab00000, 0x00000000feb80000, 0x0000000100000000)
  eden space 228864K, 0% used [0x00000000eab00000,0x00000000eab00000,0x00000000f8a80000)
  from space 49664K, 3% used [0x00000000fbb00000,0x00000000fbcf0020,0x00000000feb80000)
  to   space 49664K, 0% used [0x00000000f8a80000,0x00000000f8a80000,0x00000000fbb00000)
 ParOldGen       total 160256K, used 65497K [0x00000000c0000000, 0x00000000c9c80000, 0x00000000eab00000)
  object space 160256K, 40% used [0x00000000c0000000,0x00000000c3ff6500,0x00000000c9c80000)
 Metaspace       used 69625K, capacity 75890K, committed 77696K, reserved 1116160K
  class space    used 8433K, capacity 10237K, committed 10624K, reserved 1048576K
}
Event: 9393.385 GC heap before
{Heap before GC invocations=100 (full 24):
 PSYoungGen      total 278528K, used 1984K [0x00000000eab00000, 0x00000000feb80000, 0x0000000100000000)
  eden space 228864K, 0% used [0x00000000eab00000,0x00000000eab00000,0x00000000f8a80000)
  from space 49664K, 3% used [0x00000000fbb00000,0x00000000fbcf0020,0x00000000feb80000)
  to   space 49664K, 0% used [0x00000000f8a80000,0x00000000f8a80000,0x00000000fbb00000)
 ParOldGen       total 160256K, used 65497K [0x00000000c0000000, 0x00000000c9c80000, 0x00000000eab00000)
  object space 160256K, 40% used [0x00000000c0000000,0x00000000c3ff6500,0x00000000c9c80000)
 Metaspace       used 69625K, capacity 75890K, committed 77696K, reserved 1116160K
  class space    used 8433K, capacity 10237K, committed 10624K, reserved 1048576K
Event: 9393.835 GC heap after
Heap after GC invocations=100 (full 24):
 PSYoungGen      total 278528K, used 0K [0x00000000eab00000, 0x00000000feb80000, 0x0000000100000000)
  eden space 228864K, 0% used [0x00000000eab00000,0x00000000eab00000,0x00000000f8a80000)
  from space 49664K, 0% used [0x00000000fbb00000,0x00000000fbb00000,0x00000000feb80000)
  to   space 49664K, 0% used [0x00000000f8a80000,0x00000000f8a80000,0x00000000fbb00000)
 ParOldGen       total 160256K, used 66502K [0x00000000c0000000, 0x00000000c9c80000, 0x00000000eab00000)
  object space 160256K, 41% used [0x00000000c0000000,0x00000000c40f1ae0,0x00000000c9c80000)
 Metaspace       used 69625K, capacity 75890K, committed 77696K, reserved 1116160K
  class space    used 8433K, capacity 10237K, committed 10624K, reserved 1048576K
}
Event: 12616.001 GC heap before
{Heap before GC invocations=101 (full 24):
 PSYoungGen      total 278528K, used 228864K [0x00000000eab00000, 0x00000000feb80000, 0x0000000100000000)
  eden space 228864K, 100% used [0x00000000eab00000,0x00000000f8a80000,0x00000000f8a80000)
  from space 49664K, 0% used [0x00000000fbb00000,0x00000000fbb00000,0x00000000feb80000)
  to   space 49664K, 0% used [0x00000000f8a80000,0x00000000f8a80000,0x00000000fbb00000)
 ParOldGen       total 160256K, used 66502K [0x00000000c0000000, 0x00000000c9c80000, 0x00000000eab00000)
  object space 160256K, 41% used [0x00000000c0000000,0x00000000c40f1ae0,0x00000000c9c80000)
 Metaspace       used 69948K, capacity 76566K, committed 77696K, reserved 1116160K
  class space    used 8487K, capacity 10354K, committed 10624K, reserved 1048576K
Event: 12616.042 GC heap after
Heap after GC invocations=101 (full 24):
 PSYoungGen      total 252928K, used 31785K [0x00000000eab00000, 0x00000000fe780000, 0x0000000100000000)
  eden space 220672K, 0% used [0x00000000eab00000,0x00000000eab00000,0x00000000f8280000)
  from space 32256K, 98% used [0x00000000f8a80000,0x00000000fa98a510,0x00000000faa00000)
  to   space 51712K, 0% used [0x00000000fb500000,0x00000000fb500000,0x00000000fe780000)
 ParOldGen       total 160256K, used 66510K [0x00000000c0000000, 0x00000000c9c80000, 0x00000000eab00000)
  object space 160256K, 41% used [0x00000000c0000000,0x00000000c40f3ae0,0x00000000c9c80000)
 Metaspace       used 69948K, capacity 76566K, committed 77696K, reserved 1116160K
  class space    used 8487K, capacity 10354K, committed 10624K, reserved 1048576K
}
Event: 12631.837 GC heap before
{Heap before GC invocations=102 (full 24):
 PSYoungGen      total 252928K, used 199709K [0x00000000eab00000, 0x00000000fe780000, 0x0000000100000000)
  eden space 220672K, 76% used [0x00000000eab00000,0x00000000f4efcf78,0x00000000f8280000)
  from space 32256K, 98% used [0x00000000f8a80000,0x00000000fa98a510,0x00000000faa00000)
  to   space 51712K, 0% used [0x00000000fb500000,0x00000000fb500000,0x00000000fe780000)
 ParOldGen       total 160256K, used 66510K [0x00000000c0000000, 0x00000000c9c80000, 0x00000000eab00000)
  object space 160256K, 41% used [0x00000000c0000000,0x00000000c40f3ae0,0x00000000c9c80000)
 Metaspace       used 69968K, capacity 76584K, committed 77696K, reserved 1116160K
  class space    used 8488K, capacity 10357K, committed 10624K, reserved 1048576K
Event: 12631.841 GC heap after
Heap after GC invocations=102 (full 24):
 PSYoungGen      total 272384K, used 1472K [0x00000000eab00000, 0x00000000fe780000, 0x0000000100000000)
  eden space 220672K, 0% used [0x00000000eab00000,0x00000000eab00000,0x00000000f8280000)
  from space 51712K, 2% used [0x00000000fb500000,0x00000000fb670000,0x00000000fe780000)
  to   space 51712K, 0% used [0x00000000f8280000,0x00000000f8280000,0x00000000fb500000)
 ParOldGen       total 160256K, used 66510K [0x00000000c0000000, 0x00000000c9c80000, 0x00000000eab00000)
  object space 160256K, 41% used [0x00000000c0000000,0x00000000c40f3ae0,0x00000000c9c80000)
 Metaspace       used 69968K, capacity 76584K, committed 77696K, reserved 1116160K
  class space    used 8488K, capacity 10357K, committed 10624K, reserved 1048576K
}
Event: 12631.841 GC heap before
{Heap before GC invocations=103 (full 25):
 PSYoungGen      total 272384K, used 1472K [0x00000000eab00000, 0x00000000fe780000, 0x0000000100000000)
  eden space 220672K, 0% used [0x00000000eab00000,0x00000000eab00000,0x00000000f8280000)
  from space 51712K, 2% used [0x00000000fb500000,0x00000000fb670000,0x00000000fe780000)
  to   space 51712K, 0% used [0x00000000f8280000,0x00000000f8280000,0x00000000fb500000)
 ParOldGen       total 160256K, used 66510K [0x00000000c0000000, 0x00000000c9c80000, 0x00000000eab00000)
  object space 160256K, 41% used [0x00000000c0000000,0x00000000c40f3ae0,0x00000000c9c80000)
 Metaspace       used 69968K, capacity 76584K, committed 77696K, reserved 1116160K
  class space    used 8488K, capacity 10357K, committed 10624K, reserved 1048576K
Event: 12632.095 GC heap after
Heap after GC invocations=103 (full 25):
 PSYoungGen      total 272384K, used 0K [0x00000000eab00000, 0x00000000fe780000, 0x0000000100000000)
  eden space 220672K, 0% used [0x00000000eab00000,0x00000000eab00000,0x00000000f8280000)
  from space 51712K, 0% used [0x00000000fb500000,0x00000000fb500000,0x00000000fe780000)
  to   space 51712K, 0% used [0x00000000f8280000,0x00000000f8280000,0x00000000fb500000)
 ParOldGen       total 160256K, used 50134K [0x00000000c0000000, 0x00000000c9c80000, 0x00000000eab00000)
  object space 160256K, 31% used [0x00000000c0000000,0x00000000c30f59c0,0x00000000c9c80000)
 Metaspace       used 68629K, capacity 73834K, committed 77696K, reserved 1116160K
  class space    used 8150K, capacity 9753K, committed 10624K, reserved 1048576K
}

